<?xml version="1.0" encoding="UTF-8"?>
<!-- Generated by org.testng.reporters.JUnitReportReporter -->
<testsuite hostname="LAPTOP-INAJRFR2" failures="0" tests="7" name="automationproject.nopcommerce" time="25.905" errors="0" timestamp="2024-04-10T10:42:42 IST" skipped="0">
  <testcase classname="automationproject.nopcommerce" name="test7screenshot" time="1.393"/>
  <system-out/>
  <testcase classname="automationproject.nopcommerce" name="test6links" time="0.540"/>
  <system-out/>
  <testcase classname="automationproject.nopcommerce" name="test1register" time="10.649"/>
  <system-out/>
  <testcase classname="automationproject.nopcommerce" name="test5logo" time="1.412"/>
  <system-out/>
  <testcase classname="automationproject.nopcommerce" name="test3cart" time="1.816"/>
  <system-out/>
  <testcase classname="automationproject.nopcommerce" name="test4titleverification" time="7.859"/>
  <system-out/>
  <testcase classname="automationproject.nopcommerce" name="test2login" time="2.236"/>
  <system-out/>
</testsuite> <!-- automationproject.nopcommerce -->
